{"name":"logstreamer","hostname":"shaukwu-nb.local","pid":2815,"level":50,"msg":"Fail to init: connect ECONNREFUSED","time":"2015-02-12T06:47:33.579Z","v":0}
{"name":"logstreamer","hostname":"shaukwu-nb.local","pid":2820,"level":50,"msg":"Fail to init: LineHandlerconnect ECONNREFUSED","time":"2015-02-12T06:48:10.493Z","v":0}
{"name":"logstreamer","hostname":"shaukwu-nb.local","pid":2847,"level":50,"err":{"message":"self is not defined","name":"ReferenceError","stack":"ReferenceError: self is not defined\n    at FileReader.tick (/Users/wushauk/work_proj/chameleon/chameleon/server/logstreamer/filereader.js:416:21)\n    at /Users/wushauk/work_proj/chameleon/chameleon/server/logstreamer/filereader.js:306:14\n    at /Users/wushauk/work_proj/chameleon/chameleon/server/logstreamer/filereader.js:182:20\n    at fs.js:207:20\n    at Object.oncomplete (fs.js:107:15)"},"msg":"uncaught exception","time":"2015-02-12T07:12:55.072Z","v":0}
{"name":"logstreamer","hostname":"shaukwu-nb.local","pid":2848,"level":50,"err":{"message":"Cannot read property 'fd' of null","name":"TypeError","stack":"TypeError: Cannot read property 'fd' of null\n    at Reader.setNewFile (/Users/wushauk/work_proj/chameleon/chameleon/server/logstreamer/filereader.js:146:23)\n    at FileReader.tick (/Users/wushauk/work_proj/chameleon/chameleon/server/logstreamer/filereader.js:417:22)\n    at /Users/wushauk/work_proj/chameleon/chameleon/server/logstreamer/filereader.js:306:14\n    at /Users/wushauk/work_proj/chameleon/chameleon/server/logstreamer/filereader.js:182:20\n    at fs.js:207:20\n    at Object.oncomplete (fs.js:107:15)"},"msg":"uncaught exception","time":"2015-02-12T07:13:18.127Z","v":0}
{"name":"logstreamer","hostname":"shaukwu-nb.local","pid":2859,"level":50,"err":{"message":"action is not defined","name":"ReferenceError","stack":"ReferenceError: action is not defined\n    at Line2SqlHandler.onNewLine (/Users/wushauk/work_proj/chameleon/chameleon/server/logstreamer/test/EchoLineHandler.js:105:40)\n    at HandleNewLine (/Users/wushauk/work_proj/chameleon/chameleon/server/logstreamer/filereader.js:344:26)\n    at FileReader._startTask (/Users/wushauk/work_proj/chameleon/chameleon/server/logstreamer/filereader.js:370:5)\n    at FileReader.onNewLine (/Users/wushauk/work_proj/chameleon/chameleon/server/logstreamer/filereader.js:382:10)\n    at Reader.self.readBuf.on.self.state (/Users/wushauk/work_proj/chameleon/chameleon/server/logstreamer/filereader.js:289:14)\n    at Reader.EventEmitter.emit (events.js:106:17)\n    at Reader.consume (/Users/wushauk/work_proj/chameleon/chameleon/server/logstreamer/filereader.js:116:22)\n    at ReadStream.onReadable (/Users/wushauk/work_proj/chameleon/chameleon/server/logstreamer/filereader.js:82:14)\n    at ReadStream.g (events.js:180:16)\n    at ReadStream.EventEmitter.emit (events.js:92:17)"},"msg":"uncaught exception","time":"2015-02-12T07:18:46.320Z","v":0}
{"name":"logstreamer","hostname":"shaukwu-nb.local","pid":2880,"level":50,"err":{"message":"Cannot read property '_id' of null","name":"TypeError","stack":"TypeError: Cannot read property '_id' of null\n    at BillFilePat.checkIfHaveNew (/Users/wushauk/work_proj/chameleon/chameleon/server/logstreamer/bill_file_pat.js:91:45)\n    at FileReader.tick (/Users/wushauk/work_proj/chameleon/chameleon/server/logstreamer/filereader.js:416:44)\n    at Timer.listOnTimeout [as ontimeout] (timers.js:110:15)"},"msg":"uncaught exception","time":"2015-02-12T07:29:15.328Z","v":0}
{"name":"logstreamer","hostname":"shaukwu-nb.local","pid":2890,"level":50,"err":{"message":"Object #<Object> has no method 'removeListener'","name":"TypeError","stack":"TypeError: Object #<Object> has no method 'removeListener'\n    at Reader.closeNow (/Users/wushauk/work_proj/chameleon/chameleon/server/logstreamer/filereader.js:167:15)\n    at Reader.setNewFile (/Users/wushauk/work_proj/chameleon/chameleon/server/logstreamer/filereader.js:142:14)\n    at FileReader.tick (/Users/wushauk/work_proj/chameleon/chameleon/server/logstreamer/filereader.js:420:26)\n    at Timer.listOnTimeout [as ontimeout] (timers.js:110:15)"},"msg":"uncaught exception","time":"2015-02-12T07:34:10.216Z","v":0}
{"name":"logstreamer","hostname":"shaukwu-nb.local","pid":2896,"level":50,"err":{"message":"Cannot read property '_id' of null","name":"TypeError","stack":"TypeError: Cannot read property '_id' of null\n    at BillFilePat.checkIfHaveNew (/Users/wushauk/work_proj/chameleon/chameleon/server/logstreamer/bill_file_pat.js:91:45)\n    at FileReader.tick (/Users/wushauk/work_proj/chameleon/chameleon/server/logstreamer/filereader.js:416:44)\n    at Timer.listOnTimeout [as ontimeout] (timers.js:110:15)"},"msg":"uncaught exception","time":"2015-02-12T07:41:23.104Z","v":0}
{"name":"logstreamer","hostname":"shaukwu-nb.local","pid":2977,"level":30,"msg":"the new last pos is write to file","time":"2015-02-12T08:45:12.913Z","v":0}
{"name":"logstreamer","hostname":"shaukwu-nb.local","pid":2977,"level":30,"msg":"the new last pos is write to file","time":"2015-02-12T08:45:12.914Z","v":0}
{"name":"logstreamer","hostname":"shaukwu-nb.local","pid":2977,"level":30,"msg":"the new last pos is write to file","time":"2015-02-12T08:45:12.914Z","v":0}
{"name":"logstreamer","hostname":"shaukwu-nb.local","pid":2977,"level":30,"msg":"the new last pos is write to file","time":"2015-02-12T08:45:12.914Z","v":0}
{"name":"logstreamer","hostname":"shaukwu-nb.local","pid":2977,"level":30,"msg":"the new last pos is write to file","time":"2015-02-12T08:45:12.914Z","v":0}
{"name":"logstreamer","hostname":"shaukwu-nb.local","pid":2977,"level":30,"msg":"the new last pos is write to file","time":"2015-02-12T08:45:12.914Z","v":0}
{"name":"logstreamer","hostname":"shaukwu-nb.local","pid":2977,"level":30,"msg":"the new last pos is write to file","time":"2015-02-12T08:45:12.914Z","v":0}
{"name":"logstreamer","hostname":"shaukwu-nb.local","pid":2977,"level":30,"msg":"the new last pos is write to file","time":"2015-02-12T08:45:12.914Z","v":0}
{"name":"logstreamer","hostname":"shaukwu-nb.local","pid":2977,"level":30,"msg":"the new last pos is write to file","time":"2015-02-12T08:45:12.914Z","v":0}
{"name":"logstreamer","hostname":"shaukwu-nb.local","pid":2977,"level":30,"msg":"the new last pos is write to file","time":"2015-02-12T08:45:12.915Z","v":0}
{"name":"logstreamer","hostname":"shaukwu-nb.local","pid":2977,"level":30,"msg":"the new last pos is write to file","time":"2015-02-12T08:45:12.915Z","v":0}
{"name":"logstreamer","hostname":"shaukwu-nb.local","pid":2977,"level":30,"msg":"the new last pos is write to file","time":"2015-02-12T08:45:12.915Z","v":0}
{"name":"logstreamer","hostname":"shaukwu-nb.local","pid":2977,"level":30,"msg":"the new last pos is write to file","time":"2015-02-12T08:45:12.915Z","v":0}
{"name":"logstreamer","hostname":"shaukwu-nb.local","pid":2977,"level":30,"msg":"the new last pos is write to file","time":"2015-02-12T08:45:12.915Z","v":0}
{"name":"logstreamer","hostname":"shaukwu-nb.local","pid":2977,"level":30,"msg":"the new last pos is write to file","time":"2015-02-12T08:45:12.915Z","v":0}
{"name":"logstreamer","hostname":"shaukwu-nb.local","pid":2977,"level":30,"msg":"the new last pos is write to file","time":"2015-02-12T08:45:12.915Z","v":0}
{"name":"logstreamer","hostname":"shaukwu-nb.local","pid":2977,"level":30,"msg":"the new last pos is write to file","time":"2015-02-12T08:45:12.915Z","v":0}
{"name":"logstreamer","hostname":"shaukwu-nb.local","pid":2977,"level":30,"msg":"the new last pos is write to file","time":"2015-02-12T08:45:12.915Z","v":0}
{"name":"logstreamer","hostname":"shaukwu-nb.local","pid":2977,"level":30,"msg":"the new last pos is write to file","time":"2015-02-12T08:45:12.915Z","v":0}
{"name":"logstreamer","hostname":"shaukwu-nb.local","pid":2977,"level":30,"msg":"the new last pos is write to file","time":"2015-02-12T08:45:12.916Z","v":0}
{"name":"logstreamer","hostname":"shaukwu-nb.local","pid":2977,"level":30,"msg":"the new last pos is write to file","time":"2015-02-12T08:45:12.916Z","v":0}
{"name":"logstreamer","hostname":"shaukwu-nb.local","pid":2977,"level":30,"msg":"the new last pos is write to file","time":"2015-02-12T08:45:12.916Z","v":0}
{"name":"logstreamer","hostname":"shaukwu-nb.local","pid":2977,"level":30,"msg":"the new last pos is write to file","time":"2015-02-12T08:45:12.916Z","v":0}
{"name":"logstreamer","hostname":"shaukwu-nb.local","pid":2980,"level":30,"msg":"the new last pos is write to file","time":"2015-02-12T08:45:45.398Z","v":0}
{"name":"logstreamer","hostname":"shaukwu-nb.local","pid":2980,"level":30,"msg":"the new last pos is write to file","time":"2015-02-12T08:45:45.402Z","v":0}
{"name":"logstreamer","hostname":"shaukwu-nb.local","pid":2980,"level":30,"msg":"the new last pos is write to file","time":"2015-02-12T08:45:45.403Z","v":0}
{"name":"logstreamer","hostname":"shaukwu-nb.local","pid":2980,"level":30,"msg":"the new last pos is write to file","time":"2015-02-12T08:45:45.403Z","v":0}
{"name":"logstreamer","hostname":"shaukwu-nb.local","pid":2980,"level":30,"msg":"the new last pos is write to file","time":"2015-02-12T08:45:45.403Z","v":0}
{"name":"logstreamer","hostname":"shaukwu-nb.local","pid":2980,"level":30,"msg":"the new last pos is write to file","time":"2015-02-12T08:45:45.403Z","v":0}
{"name":"logstreamer","hostname":"shaukwu-nb.local","pid":2980,"level":30,"msg":"the new last pos is write to file","time":"2015-02-12T08:45:45.403Z","v":0}
{"name":"logstreamer","hostname":"shaukwu-nb.local","pid":2980,"level":30,"msg":"the new last pos is write to file","time":"2015-02-12T08:45:45.404Z","v":0}
{"name":"logstreamer","hostname":"shaukwu-nb.local","pid":2980,"level":30,"msg":"the new last pos is write to file","time":"2015-02-12T08:45:45.404Z","v":0}
{"name":"logstreamer","hostname":"shaukwu-nb.local","pid":2980,"level":30,"msg":"the new last pos is write to file","time":"2015-02-12T08:45:45.404Z","v":0}
{"name":"logstreamer","hostname":"shaukwu-nb.local","pid":2980,"level":30,"msg":"the new last pos is write to file","time":"2015-02-12T08:45:45.404Z","v":0}
{"name":"logstreamer","hostname":"shaukwu-nb.local","pid":2980,"level":30,"msg":"the new last pos is write to file","time":"2015-02-12T08:45:45.404Z","v":0}
{"name":"logstreamer","hostname":"shaukwu-nb.local","pid":2980,"level":30,"msg":"the new last pos is write to file","time":"2015-02-12T08:45:45.404Z","v":0}
{"name":"logstreamer","hostname":"shaukwu-nb.local","pid":2980,"level":30,"msg":"the new last pos is write to file","time":"2015-02-12T08:45:45.404Z","v":0}
{"name":"logstreamer","hostname":"shaukwu-nb.local","pid":2980,"level":30,"msg":"the new last pos is write to file","time":"2015-02-12T08:45:45.404Z","v":0}
{"name":"logstreamer","hostname":"shaukwu-nb.local","pid":2980,"level":30,"msg":"the new last pos is write to file","time":"2015-02-12T08:45:45.404Z","v":0}
{"name":"logstreamer","hostname":"shaukwu-nb.local","pid":2980,"level":30,"msg":"the new last pos is write to file","time":"2015-02-12T08:45:45.404Z","v":0}
{"name":"logstreamer","hostname":"shaukwu-nb.local","pid":2980,"level":30,"msg":"the new last pos is write to file","time":"2015-02-12T08:45:45.404Z","v":0}
{"name":"logstreamer","hostname":"shaukwu-nb.local","pid":2980,"level":30,"msg":"the new last pos is write to file","time":"2015-02-12T08:45:45.404Z","v":0}
{"name":"logstreamer","hostname":"shaukwu-nb.local","pid":2980,"level":30,"msg":"the new last pos is write to file","time":"2015-02-12T08:45:45.404Z","v":0}
{"name":"logstreamer","hostname":"shaukwu-nb.local","pid":2980,"level":30,"msg":"the new last pos is write to file","time":"2015-02-12T08:45:45.404Z","v":0}
{"name":"logstreamer","hostname":"shaukwu-nb.local","pid":2980,"level":30,"msg":"the new last pos is write to file","time":"2015-02-12T08:45:45.404Z","v":0}
{"name":"logstreamer","hostname":"shaukwu-nb.local","pid":2980,"level":30,"msg":"the new last pos is write to file","time":"2015-02-12T08:45:45.405Z","v":0}
{"name":"logstreamer","hostname":"shaukwu-nb.local","pid":2982,"level":30,"msg":"the new last pos is write to file","time":"2015-02-12T08:46:04.124Z","v":0}
{"name":"logstreamer","hostname":"shaukwu-nb.local","pid":2982,"level":30,"msg":"the new last pos is write to file","time":"2015-02-12T08:46:04.125Z","v":0}
{"name":"logstreamer","hostname":"shaukwu-nb.local","pid":2982,"level":30,"msg":"the new last pos is write to file","time":"2015-02-12T08:46:04.125Z","v":0}
{"name":"logstreamer","hostname":"shaukwu-nb.local","pid":2982,"level":30,"msg":"the new last pos is write to file","time":"2015-02-12T08:46:04.125Z","v":0}
{"name":"logstreamer","hostname":"shaukwu-nb.local","pid":2982,"level":30,"msg":"the new last pos is write to file","time":"2015-02-12T08:46:04.125Z","v":0}
{"name":"logstreamer","hostname":"shaukwu-nb.local","pid":2982,"level":30,"msg":"the new last pos is write to file","time":"2015-02-12T08:46:04.125Z","v":0}
{"name":"logstreamer","hostname":"shaukwu-nb.local","pid":2982,"level":30,"msg":"the new last pos is write to file","time":"2015-02-12T08:46:04.126Z","v":0}
{"name":"logstreamer","hostname":"shaukwu-nb.local","pid":2982,"level":30,"msg":"the new last pos is write to file","time":"2015-02-12T08:46:04.126Z","v":0}
{"name":"logstreamer","hostname":"shaukwu-nb.local","pid":2982,"level":30,"msg":"the new last pos is write to file","time":"2015-02-12T08:46:04.126Z","v":0}
{"name":"logstreamer","hostname":"shaukwu-nb.local","pid":2982,"level":30,"msg":"the new last pos is write to file","time":"2015-02-12T08:46:04.126Z","v":0}
{"name":"logstreamer","hostname":"shaukwu-nb.local","pid":2982,"level":30,"msg":"the new last pos is write to file","time":"2015-02-12T08:46:04.126Z","v":0}
{"name":"logstreamer","hostname":"shaukwu-nb.local","pid":2982,"level":30,"msg":"the new last pos is write to file","time":"2015-02-12T08:46:04.126Z","v":0}
{"name":"logstreamer","hostname":"shaukwu-nb.local","pid":2982,"level":30,"msg":"the new last pos is write to file","time":"2015-02-12T08:46:04.126Z","v":0}
{"name":"logstreamer","hostname":"shaukwu-nb.local","pid":2982,"level":30,"msg":"the new last pos is write to file","time":"2015-02-12T08:46:04.126Z","v":0}
{"name":"logstreamer","hostname":"shaukwu-nb.local","pid":2982,"level":30,"msg":"the new last pos is write to file","time":"2015-02-12T08:46:04.126Z","v":0}
{"name":"logstreamer","hostname":"shaukwu-nb.local","pid":2982,"level":30,"msg":"the new last pos is write to file","time":"2015-02-12T08:46:04.126Z","v":0}
{"name":"logstreamer","hostname":"shaukwu-nb.local","pid":2982,"level":30,"msg":"the new last pos is write to file","time":"2015-02-12T08:46:04.126Z","v":0}
{"name":"logstreamer","hostname":"shaukwu-nb.local","pid":2982,"level":30,"msg":"the new last pos is write to file","time":"2015-02-12T08:46:04.126Z","v":0}
{"name":"logstreamer","hostname":"shaukwu-nb.local","pid":2982,"level":30,"msg":"the new last pos is write to file","time":"2015-02-12T08:46:04.126Z","v":0}
{"name":"logstreamer","hostname":"shaukwu-nb.local","pid":2982,"level":30,"msg":"the new last pos is write to file","time":"2015-02-12T08:46:04.126Z","v":0}
{"name":"logstreamer","hostname":"shaukwu-nb.local","pid":2982,"level":30,"msg":"the new last pos is write to file","time":"2015-02-12T08:46:04.126Z","v":0}
{"name":"logstreamer","hostname":"shaukwu-nb.local","pid":2982,"level":30,"msg":"the new last pos is write to file","time":"2015-02-12T08:46:04.126Z","v":0}
{"name":"logstreamer","hostname":"shaukwu-nb.local","pid":2982,"level":30,"msg":"the new last pos is write to file","time":"2015-02-12T08:46:04.127Z","v":0}
{"name":"logstreamer","hostname":"shaukwu-nb.local","pid":2984,"level":30,"msg":"the new last pos is write to file","time":"2015-02-12T08:46:05.387Z","v":0}
{"name":"logstreamer","hostname":"shaukwu-nb.local","pid":2984,"level":30,"msg":"the new last pos is write to file","time":"2015-02-12T08:46:05.388Z","v":0}
{"name":"logstreamer","hostname":"shaukwu-nb.local","pid":2984,"level":30,"msg":"the new last pos is write to file","time":"2015-02-12T08:46:05.389Z","v":0}
{"name":"logstreamer","hostname":"shaukwu-nb.local","pid":2984,"level":30,"msg":"the new last pos is write to file","time":"2015-02-12T08:46:05.389Z","v":0}
{"name":"logstreamer","hostname":"shaukwu-nb.local","pid":2984,"level":30,"msg":"the new last pos is write to file","time":"2015-02-12T08:46:05.389Z","v":0}
{"name":"logstreamer","hostname":"shaukwu-nb.local","pid":2984,"level":30,"msg":"the new last pos is write to file","time":"2015-02-12T08:46:05.389Z","v":0}
{"name":"logstreamer","hostname":"shaukwu-nb.local","pid":2984,"level":30,"msg":"the new last pos is write to file","time":"2015-02-12T08:46:05.390Z","v":0}
{"name":"logstreamer","hostname":"shaukwu-nb.local","pid":2984,"level":30,"msg":"the new last pos is write to file","time":"2015-02-12T08:46:05.390Z","v":0}
{"name":"logstreamer","hostname":"shaukwu-nb.local","pid":2984,"level":30,"msg":"the new last pos is write to file","time":"2015-02-12T08:46:05.391Z","v":0}
{"name":"logstreamer","hostname":"shaukwu-nb.local","pid":2984,"level":30,"msg":"the new last pos is write to file","time":"2015-02-12T08:46:05.391Z","v":0}
{"name":"logstreamer","hostname":"shaukwu-nb.local","pid":2984,"level":30,"msg":"the new last pos is write to file","time":"2015-02-12T08:46:05.391Z","v":0}
{"name":"logstreamer","hostname":"shaukwu-nb.local","pid":2984,"level":30,"msg":"the new last pos is write to file","time":"2015-02-12T08:46:05.392Z","v":0}
{"name":"logstreamer","hostname":"shaukwu-nb.local","pid":2984,"level":30,"msg":"the new last pos is write to file","time":"2015-02-12T08:46:05.392Z","v":0}
{"name":"logstreamer","hostname":"shaukwu-nb.local","pid":2984,"level":30,"msg":"the new last pos is write to file","time":"2015-02-12T08:46:05.392Z","v":0}
{"name":"logstreamer","hostname":"shaukwu-nb.local","pid":2984,"level":30,"msg":"the new last pos is write to file","time":"2015-02-12T08:46:05.392Z","v":0}
{"name":"logstreamer","hostname":"shaukwu-nb.local","pid":2984,"level":30,"msg":"the new last pos is write to file","time":"2015-02-12T08:46:05.392Z","v":0}
{"name":"logstreamer","hostname":"shaukwu-nb.local","pid":2984,"level":30,"msg":"the new last pos is write to file","time":"2015-02-12T08:46:05.393Z","v":0}
{"name":"logstreamer","hostname":"shaukwu-nb.local","pid":2984,"level":30,"msg":"the new last pos is write to file","time":"2015-02-12T08:46:05.393Z","v":0}
{"name":"logstreamer","hostname":"shaukwu-nb.local","pid":2984,"level":30,"msg":"the new last pos is write to file","time":"2015-02-12T08:46:05.393Z","v":0}
{"name":"logstreamer","hostname":"shaukwu-nb.local","pid":2984,"level":30,"msg":"the new last pos is write to file","time":"2015-02-12T08:46:05.393Z","v":0}
{"name":"logstreamer","hostname":"shaukwu-nb.local","pid":2984,"level":30,"msg":"the new last pos is write to file","time":"2015-02-12T08:46:05.394Z","v":0}
{"name":"logstreamer","hostname":"shaukwu-nb.local","pid":2984,"level":30,"msg":"the new last pos is write to file","time":"2015-02-12T08:46:05.394Z","v":0}
{"name":"logstreamer","hostname":"shaukwu-nb.local","pid":2984,"level":30,"msg":"the new last pos is write to file","time":"2015-02-12T08:46:05.394Z","v":0}
{"name":"logstreamer","hostname":"shaukwu-nb.local","pid":2984,"level":30,"msg":"the new last pos is write to file","time":"2015-02-12T08:46:20.424Z","v":0}
{"name":"logstreamer","hostname":"shaukwu-nb.local","pid":2988,"level":30,"msg":"the new last pos is write to file","time":"2015-02-12T08:47:34.482Z","v":0}
{"name":"logstreamer","hostname":"shaukwu-nb.local","pid":2988,"level":30,"msg":"the new last pos is write to file","time":"2015-02-12T08:47:34.483Z","v":0}
{"name":"logstreamer","hostname":"shaukwu-nb.local","pid":2988,"level":30,"msg":"the new last pos is write to file","time":"2015-02-12T08:47:34.483Z","v":0}
{"name":"logstreamer","hostname":"shaukwu-nb.local","pid":2988,"level":30,"msg":"the new last pos is write to file","time":"2015-02-12T08:47:34.483Z","v":0}
{"name":"logstreamer","hostname":"shaukwu-nb.local","pid":2988,"level":30,"msg":"the new last pos is write to file","time":"2015-02-12T08:47:34.484Z","v":0}
{"name":"logstreamer","hostname":"shaukwu-nb.local","pid":2988,"level":30,"msg":"the new last pos is write to file","time":"2015-02-12T08:47:34.484Z","v":0}
{"name":"logstreamer","hostname":"shaukwu-nb.local","pid":2988,"level":30,"msg":"the new last pos is write to file","time":"2015-02-12T08:47:34.484Z","v":0}
{"name":"logstreamer","hostname":"shaukwu-nb.local","pid":2988,"level":30,"msg":"the new last pos is write to file","time":"2015-02-12T08:47:34.484Z","v":0}
{"name":"logstreamer","hostname":"shaukwu-nb.local","pid":2988,"level":30,"msg":"the new last pos is write to file","time":"2015-02-12T08:47:34.484Z","v":0}
{"name":"logstreamer","hostname":"shaukwu-nb.local","pid":2988,"level":30,"msg":"the new last pos is write to file","time":"2015-02-12T08:47:34.484Z","v":0}
{"name":"logstreamer","hostname":"shaukwu-nb.local","pid":2988,"level":30,"msg":"the new last pos is write to file","time":"2015-02-12T08:47:34.484Z","v":0}
{"name":"logstreamer","hostname":"shaukwu-nb.local","pid":2988,"level":30,"msg":"the new last pos is write to file","time":"2015-02-12T08:47:34.484Z","v":0}
{"name":"logstreamer","hostname":"shaukwu-nb.local","pid":2988,"level":30,"msg":"the new last pos is write to file","time":"2015-02-12T08:47:34.484Z","v":0}
{"name":"logstreamer","hostname":"shaukwu-nb.local","pid":2988,"level":30,"msg":"the new last pos is write to file","time":"2015-02-12T08:47:34.484Z","v":0}
{"name":"logstreamer","hostname":"shaukwu-nb.local","pid":2988,"level":30,"msg":"the new last pos is write to file","time":"2015-02-12T08:47:34.484Z","v":0}
{"name":"logstreamer","hostname":"shaukwu-nb.local","pid":2988,"level":30,"msg":"the new last pos is write to file","time":"2015-02-12T08:47:34.484Z","v":0}
{"name":"logstreamer","hostname":"shaukwu-nb.local","pid":2988,"level":30,"msg":"the new last pos is write to file","time":"2015-02-12T08:47:34.484Z","v":0}
{"name":"logstreamer","hostname":"shaukwu-nb.local","pid":2988,"level":30,"msg":"the new last pos is write to file","time":"2015-02-12T08:47:34.484Z","v":0}
{"name":"logstreamer","hostname":"shaukwu-nb.local","pid":2988,"level":30,"msg":"the new last pos is write to file","time":"2015-02-12T08:47:34.484Z","v":0}
{"name":"logstreamer","hostname":"shaukwu-nb.local","pid":2988,"level":30,"msg":"the new last pos is write to file","time":"2015-02-12T08:47:34.484Z","v":0}
{"name":"logstreamer","hostname":"shaukwu-nb.local","pid":2988,"level":30,"msg":"the new last pos is write to file","time":"2015-02-12T08:47:34.485Z","v":0}
{"name":"logstreamer","hostname":"shaukwu-nb.local","pid":2988,"level":30,"msg":"the new last pos is write to file","time":"2015-02-12T08:47:34.485Z","v":0}
{"name":"logstreamer","hostname":"shaukwu-nb.local","pid":2988,"level":30,"msg":"the new last pos is write to file","time":"2015-02-12T08:47:34.485Z","v":0}
{"name":"logstreamer","hostname":"shaukwu-nb.local","pid":2992,"level":30,"msg":"the new last pos is write to file","time":"2015-02-12T08:48:21.816Z","v":0}
{"name":"logstreamer","hostname":"shaukwu-nb.local","pid":2992,"level":30,"msg":"the new last pos is write to file","time":"2015-02-12T08:48:21.818Z","v":0}
{"name":"logstreamer","hostname":"shaukwu-nb.local","pid":2992,"level":30,"msg":"the new last pos is write to file","time":"2015-02-12T08:48:21.819Z","v":0}
{"name":"logstreamer","hostname":"shaukwu-nb.local","pid":2992,"level":30,"msg":"the new last pos is write to file","time":"2015-02-12T08:48:21.819Z","v":0}
{"name":"logstreamer","hostname":"shaukwu-nb.local","pid":2992,"level":30,"msg":"the new last pos is write to file","time":"2015-02-12T08:48:21.819Z","v":0}
{"name":"logstreamer","hostname":"shaukwu-nb.local","pid":2992,"level":30,"msg":"the new last pos is write to file","time":"2015-02-12T08:48:21.819Z","v":0}
{"name":"logstreamer","hostname":"shaukwu-nb.local","pid":2992,"level":30,"msg":"the new last pos is write to file","time":"2015-02-12T08:48:21.820Z","v":0}
{"name":"logstreamer","hostname":"shaukwu-nb.local","pid":2992,"level":30,"msg":"the new last pos is write to file","time":"2015-02-12T08:48:21.820Z","v":0}
{"name":"logstreamer","hostname":"shaukwu-nb.local","pid":2992,"level":30,"msg":"the new last pos is write to file","time":"2015-02-12T08:48:21.820Z","v":0}
{"name":"logstreamer","hostname":"shaukwu-nb.local","pid":2992,"level":30,"msg":"the new last pos is write to file","time":"2015-02-12T08:48:21.820Z","v":0}
{"name":"logstreamer","hostname":"shaukwu-nb.local","pid":2992,"level":30,"msg":"the new last pos is write to file","time":"2015-02-12T08:48:21.821Z","v":0}
{"name":"logstreamer","hostname":"shaukwu-nb.local","pid":2992,"level":30,"msg":"the new last pos is write to file","time":"2015-02-12T08:48:21.821Z","v":0}
{"name":"logstreamer","hostname":"shaukwu-nb.local","pid":2992,"level":30,"msg":"the new last pos is write to file","time":"2015-02-12T08:48:21.821Z","v":0}
{"name":"logstreamer","hostname":"shaukwu-nb.local","pid":2992,"level":30,"msg":"the new last pos is write to file","time":"2015-02-12T08:48:21.821Z","v":0}
{"name":"logstreamer","hostname":"shaukwu-nb.local","pid":2992,"level":30,"msg":"the new last pos is write to file","time":"2015-02-12T08:48:21.821Z","v":0}
{"name":"logstreamer","hostname":"shaukwu-nb.local","pid":2992,"level":30,"msg":"the new last pos is write to file","time":"2015-02-12T08:48:21.821Z","v":0}
{"name":"logstreamer","hostname":"shaukwu-nb.local","pid":2992,"level":30,"msg":"the new last pos is write to file","time":"2015-02-12T08:48:21.821Z","v":0}
{"name":"logstreamer","hostname":"shaukwu-nb.local","pid":2992,"level":30,"msg":"the new last pos is write to file","time":"2015-02-12T08:48:21.822Z","v":0}
{"name":"logstreamer","hostname":"shaukwu-nb.local","pid":2992,"level":30,"msg":"the new last pos is write to file","time":"2015-02-12T08:48:21.822Z","v":0}
{"name":"logstreamer","hostname":"shaukwu-nb.local","pid":2992,"level":30,"msg":"the new last pos is write to file","time":"2015-02-12T08:48:21.822Z","v":0}
{"name":"logstreamer","hostname":"shaukwu-nb.local","pid":2992,"level":30,"msg":"the new last pos is write to file","time":"2015-02-12T08:48:21.822Z","v":0}
{"name":"logstreamer","hostname":"shaukwu-nb.local","pid":2992,"level":30,"msg":"the new last pos is write to file","time":"2015-02-12T08:48:21.822Z","v":0}
{"name":"logstreamer","hostname":"shaukwu-nb.local","pid":2992,"level":30,"msg":"the new last pos is write to file","time":"2015-02-12T08:48:21.823Z","v":0}
{"name":"logstreamer","hostname":"shaukwu-nb.local","pid":2992,"level":30,"msg":"the new last pos is write to file","time":"2015-02-12T08:48:21.823Z","v":0}
{"name":"logstreamer","hostname":"shaukwu-nb.local","pid":2994,"level":30,"msg":"the new last pos is write to file","time":"2015-02-12T08:50:51.321Z","v":0}
{"name":"logstreamer","hostname":"shaukwu-nb.local","pid":2994,"level":30,"msg":"the new last pos is write to file","time":"2015-02-12T08:50:51.323Z","v":0}
{"name":"logstreamer","hostname":"shaukwu-nb.local","pid":2994,"level":30,"msg":"the new last pos is write to file","time":"2015-02-12T08:50:51.324Z","v":0}
{"name":"logstreamer","hostname":"shaukwu-nb.local","pid":2994,"level":30,"msg":"the new last pos is write to file","time":"2015-02-12T08:50:51.324Z","v":0}
{"name":"logstreamer","hostname":"shaukwu-nb.local","pid":2994,"level":30,"msg":"the new last pos is write to file","time":"2015-02-12T08:50:51.324Z","v":0}
{"name":"logstreamer","hostname":"shaukwu-nb.local","pid":2994,"level":30,"msg":"the new last pos is write to file","time":"2015-02-12T08:50:51.324Z","v":0}
{"name":"logstreamer","hostname":"shaukwu-nb.local","pid":2994,"level":30,"msg":"the new last pos is write to file","time":"2015-02-12T08:50:51.325Z","v":0}
{"name":"logstreamer","hostname":"shaukwu-nb.local","pid":2994,"level":30,"msg":"the new last pos is write to file","time":"2015-02-12T08:50:51.325Z","v":0}
{"name":"logstreamer","hostname":"shaukwu-nb.local","pid":2994,"level":30,"msg":"the new last pos is write to file","time":"2015-02-12T08:50:51.325Z","v":0}
{"name":"logstreamer","hostname":"shaukwu-nb.local","pid":2994,"level":30,"msg":"the new last pos is write to file","time":"2015-02-12T08:50:51.325Z","v":0}
{"name":"logstreamer","hostname":"shaukwu-nb.local","pid":2994,"level":30,"msg":"the new last pos is write to file","time":"2015-02-12T08:50:51.325Z","v":0}
{"name":"logstreamer","hostname":"shaukwu-nb.local","pid":2994,"level":30,"msg":"the new last pos is write to file","time":"2015-02-12T08:50:51.325Z","v":0}
{"name":"logstreamer","hostname":"shaukwu-nb.local","pid":2994,"level":30,"msg":"the new last pos is write to file","time":"2015-02-12T08:50:51.325Z","v":0}
{"name":"logstreamer","hostname":"shaukwu-nb.local","pid":2994,"level":30,"msg":"the new last pos is write to file","time":"2015-02-12T08:50:51.325Z","v":0}
{"name":"logstreamer","hostname":"shaukwu-nb.local","pid":2994,"level":30,"msg":"the new last pos is write to file","time":"2015-02-12T08:50:51.325Z","v":0}
{"name":"logstreamer","hostname":"shaukwu-nb.local","pid":2994,"level":30,"msg":"the new last pos is write to file","time":"2015-02-12T08:50:51.325Z","v":0}
{"name":"logstreamer","hostname":"shaukwu-nb.local","pid":2994,"level":30,"msg":"the new last pos is write to file","time":"2015-02-12T08:50:51.325Z","v":0}
{"name":"logstreamer","hostname":"shaukwu-nb.local","pid":2994,"level":30,"msg":"the new last pos is write to file","time":"2015-02-12T08:50:51.325Z","v":0}
{"name":"logstreamer","hostname":"shaukwu-nb.local","pid":2994,"level":30,"msg":"the new last pos is write to file","time":"2015-02-12T08:50:51.325Z","v":0}
{"name":"logstreamer","hostname":"shaukwu-nb.local","pid":2994,"level":30,"msg":"the new last pos is write to file","time":"2015-02-12T08:50:51.326Z","v":0}
{"name":"logstreamer","hostname":"shaukwu-nb.local","pid":2994,"level":30,"msg":"the new last pos is write to file","time":"2015-02-12T08:50:51.326Z","v":0}
{"name":"logstreamer","hostname":"shaukwu-nb.local","pid":2994,"level":30,"msg":"the new last pos is write to file","time":"2015-02-12T08:50:51.326Z","v":0}
{"name":"logstreamer","hostname":"shaukwu-nb.local","pid":2994,"level":30,"msg":"the new last pos is write to file","time":"2015-02-12T08:50:51.326Z","v":0}
{"name":"logstreamer","hostname":"shaukwu-nb.local","pid":2994,"level":30,"msg":"the new last pos is write to file","time":"2015-02-12T08:50:51.327Z","v":0}
{"name":"logstreamer","hostname":"shaukwu-nb.local","pid":3004,"level":50,"err":{"message":"Cannot read property 'fd' of null","name":"TypeError","stack":"TypeError: Cannot read property 'fd' of null\n    at Reader.setNewFile (/Users/wushauk/work_proj/chameleon/chameleon/server/logstreamer/filereader.js:146:23)\n    at FileReader.tick (/Users/wushauk/work_proj/chameleon/chameleon/server/logstreamer/filereader.js:419:22)\n    at /Users/wushauk/work_proj/chameleon/chameleon/server/logstreamer/filereader.js:310:14\n    at /Users/wushauk/work_proj/chameleon/chameleon/server/logstreamer/filereader.js:207:9\n    at fs.readFile (fs.js:266:14)\n    at Object.oncomplete (fs.js:107:15)"},"msg":"uncaught exception","time":"2015-02-12T08:50:53.477Z","v":0}
{"name":"logstreamer","hostname":"shaukwu-nb.local","pid":3008,"level":30,"msg":"the new last pos is write to file","time":"2015-02-12T08:51:44.815Z","v":0}
{"name":"logstreamer","hostname":"shaukwu-nb.local","pid":3008,"level":30,"msg":"the new last pos is write to file","time":"2015-02-12T08:52:12.877Z","v":0}
{"name":"logstreamer","hostname":"shaukwu-nb.local","pid":3008,"level":30,"msg":"the new last pos is write to file","time":"2015-02-12T08:52:32.003Z","v":0}
{"name":"logstreamer","hostname":"shaukwu-nb.local","pid":3008,"level":30,"msg":"the new last pos is write to file","time":"2015-02-12T08:52:36.931Z","v":0}
{"name":"logstreamer","hostname":"shaukwu-nb.local","pid":3008,"level":30,"msg":"the new last pos is write to file","time":"2015-02-12T08:52:51.932Z","v":0}
{"name":"logstreamer","hostname":"shaukwu-nb.local","pid":3008,"level":30,"msg":"the new last pos is write to file","time":"2015-02-12T08:53:01.932Z","v":0}
{"name":"logstreamer","hostname":"shaukwu-nb.local","pid":3008,"level":30,"msg":"the new last pos is write to file","time":"2015-02-12T08:53:31.937Z","v":0}
{"name":"logstreamer","hostname":"shaukwu-nb.local","pid":3017,"level":30,"msg":"the new last pos is write to file","time":"2015-02-12T08:56:36.127Z","v":0}
